<?xml version="1.0" encoding="UTF-8" ?>
<testsuite tests="1" failures="0" name="edu.aspire.test.SpringJdbcTest" time="0.924" errors="0" skipped="0">
  <properties>
    <property name="java.runtime.name" value="Java(TM) SE Runtime Environment"/>
    <property name="sun.boot.library.path" value="D:\Program Files\Java\jdk1.8.0_65\jre\bin"/>
    <property name="java.vm.version" value="25.65-b01"/>
    <property name="java.vm.vendor" value="Oracle Corporation"/>
    <property name="maven.multiModuleProjectDirectory" value="D:\SPRING\SpringWorkspaceAdvanced\SpringJdbcMaven"/>
    <property name="java.vendor.url" value="http://java.oracle.com/"/>
    <property name="path.separator" value=";"/>
    <property name="guice.disable.misplaced.annotation.check" value="true"/>
    <property name="java.vm.name" value="Java HotSpot(TM) 64-Bit Server VM"/>
    <property name="file.encoding.pkg" value="sun.io"/>
    <property name="user.script" value=""/>
    <property name="user.country" value="US"/>
    <property name="sun.java.launcher" value="SUN_STANDARD"/>
    <property name="sun.os.patch.level" value=""/>
    <property name="java.vm.specification.name" value="Java Virtual Machine Specification"/>
    <property name="user.dir" value="D:\SPRING\SpringWorkspaceAdvanced\SpringJdbcMaven"/>
    <property name="java.runtime.version" value="1.8.0_65-b17"/>
    <property name="java.awt.graphicsenv" value="sun.awt.Win32GraphicsEnvironment"/>
    <property name="java.endorsed.dirs" value="D:\Program Files\Java\jdk1.8.0_65\jre\lib\endorsed"/>
    <property name="os.arch" value="amd64"/>
    <property name="java.io.tmpdir" value="C:\Users\RAMESH~1\AppData\Local\Temp\"/>
    <property name="line.separator" value="
"/>
    <property name="java.vm.specification.vendor" value="Oracle Corporation"/>
    <property name="user.variant" value=""/>
    <property name="os.name" value="Windows 10"/>
    <property name="classworlds.conf" value="D:\SPRING\SpringWorkspaceAdvanced\.metadata\.plugins\org.eclipse.m2e.launching\launches\m2conf5667831200015160054.tmp"/>
    <property name="sun.jnu.encoding" value="Cp1252"/>
    <property name="java.library.path" value="D:\Program Files\Java\jdk1.8.0_65\bin;C:\WINDOWS\Sun\Java\bin;C:\WINDOWS\system32;C:\WINDOWS;D:/Program Files/Java/jdk1.8.0_65/bin/../jre/bin/server;D:/Program Files/Java/jdk1.8.0_65/bin/../jre/bin;D:/Program Files/Java/jdk1.8.0_65/bin/../jre/lib/amd64;.;C:\scala\bin;D:\Program Files\Java\jdk1.8.0_65\bin;D:\Online Training\Concurrency\Softwares\apache-maven-3.0.3\bin;C:\ProgramData\Oracle\Java\javapath;D:\Sun\jwsdp-2.0\jaxrpc\bin;D:\Online Training\Collections and Generics and Maven\Softwares\apache-maven-3.0.3\bin;C:\oraclexe\app\oracle\product\11.2.0\server\bin;C:\Program Files (x86)\Intel\iCLS Client\;C:\Program Files\Intel\iCLS Client\;C:\Program Files (x86)\AMD APP\bin\x86_64;C:\Program Files (x86)\AMD APP\bin\x86;C:\WINDOWS\system32;C:\WINDOWS;C:\WINDOWS\System32\Wbem;C:\WINDOWS\System32\WindowsPowerShell\v1.0\;C:\Program Files (x86)\ATI Technologies\ATI.ACE\Core-Static;C:\Program Files\Intel\Intel(R) Management Engine Components\DAL;C:\Program Files\Intel\Intel(R) Management Engine Components\IPT;C:\Program Files (x86)\Intel\Intel(R) Management Engine Components\DAL;C:\Program Files (x86)\Intel\Intel(R) Management Engine Components\IPT;C:\Program Files\MySQL\MySQL Server 5.5\bin;D:\Program Files\TortoiseSVN\bin;D:\Program Files\VisualSVN Server\bin;C:\scala\bin;C:\Program Files (x86)\Skype\Phone\;C:\Users\Ramesh-PC\AppData\Local\Microsoft\WindowsApps;;D:\SPRING\eclipse;;."/>
    <property name="java.specification.name" value="Java Platform API Specification"/>
    <property name="java.class.version" value="52.0"/>
    <property name="sun.management.compiler" value="HotSpot 64-Bit Tiered Compilers"/>
    <property name="os.version" value="10.0"/>
    <property name="user.home" value="C:\Users\Ramesh-PC"/>
    <property name="user.timezone" value="Asia/Calcutta"/>
    <property name="java.awt.printerjob" value="sun.awt.windows.WPrinterJob"/>
    <property name="java.specification.version" value="1.8"/>
    <property name="file.encoding" value="Cp1252"/>
    <property name="user.name" value="Ramesh-PC"/>
    <property name="java.class.path" value="/D:/SPRING/eclipse/plugins/org.eclipse.m2e.maven.runtime_1.6.2.20150902-0001/jars/plexus-classworlds-2.5.2.jar"/>
    <property name="java.vm.specification.version" value="1.8"/>
    <property name="sun.arch.data.model" value="64"/>
    <property name="java.home" value="D:\Program Files\Java\jdk1.8.0_65\jre"/>
    <property name="sun.java.command" value="org.codehaus.plexus.classworlds.launcher.Launcher -B test"/>
    <property name="java.specification.vendor" value="Oracle Corporation"/>
    <property name="user.language" value="en"/>
    <property name="awt.toolkit" value="sun.awt.windows.WToolkit"/>
    <property name="java.vm.info" value="mixed mode"/>
    <property name="java.version" value="1.8.0_65"/>
    <property name="java.ext.dirs" value="D:\Program Files\Java\jdk1.8.0_65\jre\lib\ext;C:\WINDOWS\Sun\Java\lib\ext"/>
    <property name="sun.boot.class.path" value="D:\Program Files\Java\jdk1.8.0_65\jre\lib\resources.jar;D:\Program Files\Java\jdk1.8.0_65\jre\lib\rt.jar;D:\Program Files\Java\jdk1.8.0_65\jre\lib\sunrsasign.jar;D:\Program Files\Java\jdk1.8.0_65\jre\lib\jsse.jar;D:\Program Files\Java\jdk1.8.0_65\jre\lib\jce.jar;D:\Program Files\Java\jdk1.8.0_65\jre\lib\charsets.jar;D:\Program Files\Java\jdk1.8.0_65\jre\lib\jfr.jar;D:\Program Files\Java\jdk1.8.0_65\jre\classes"/>
    <property name="java.vendor" value="Oracle Corporation"/>
    <property name="maven.home" value="D:\SPRING\SpringWorkspaceAdvanced\SpringJdbcMaven\EMBEDDED"/>
    <property name="file.separator" value="\"/>
    <property name="java.vendor.url.bug" value="http://bugreport.sun.com/bugreport/"/>
    <property name="sun.cpu.endian" value="little"/>
    <property name="sun.io.unicode.encoding" value="UnicodeLittle"/>
    <property name="sun.desktop" value="windows"/>
    <property name="sun.cpu.isalist" value="amd64"/>
  </properties>
  <testcase classname="edu.aspire.test.SpringJdbcTest" name="testSpringJdbc" time="0.924"/>
</testsuite>